C51 COMPILER V9.60.0.0   IMAGE_VIDEO_TO_LED_MATRIX                                         12/07/2023 07:35:50 PAGE 1   


C51 COMPILER V9.60.0.0, COMPILATION OF MODULE IMAGE_VIDEO_TO_LED_MATRIX
OBJECT MODULE PLACED IN .\Objects\image_video_to_led_matrix.obj
COMPILER INVOKED BY: C:\Keil_v5\C51\BIN\C51.EXE image_video_to_led_matrix.c OPTIMIZE(8,SPEED) BROWSE DEBUG OBJECTEXTEND 
                    -PRINT(.\Listings\image_video_to_led_matrix.lst) TABS(2) OBJECT(.\Objects\image_video_to_led_matrix.obj)

line level    source

   1          #include<regx52.h>
   2          #include <stdlib.h>
   3          #include<intrins.h>
   4          
   5          typedef unsigned char u8;
   6          bit flag = 0;
   7          u8 revData;
   8          
   9          sbit SRCLK=P3^6;
  10          sbit RCLK=P3^5;
*** ERROR C231 IN LINE 10 OF image_video_to_led_matrix.c: 'RCLK': redefinition
  11          sbit SER=P3^4;
  12          
  13          sbit led1= P2^0;
  14          sbit led2 = P2^1;
  15          sbit btn1 = P2^2;
  16          u8 dcount;
  17          //u8 arr[8] = {0,0,0,0,0,0,0,0};
  18          u8 arr[8] = {0x00, 0x00, 0x40, 0x40, 0x7E, 0x40, 0x40, 0x00};
  19          #define COMMONPORTS P0
  20          
  21          u8 code TAB[8]  = {0x7f,0xbf,0xdf,0xef,0xf7,0xfb,0xfd,0xfe};
  22          void serial_init(void){
  23   1        /*fcrystal = 11.0592MHz*/
  24   1        /*config timer 1*/
  25   1        TMOD = 0x20;
  26   1        TH1 = 0xFD;
  27   1        SCON = 0x50;
  28   1        TR1 = 1;
  29   1        EA = 1;
  30   1        ES = 1;
  31   1      }
  32          
  33          void delayMS(unsigned int t)
  34          {
  35   1          TMOD = 0x01;
  36   1          TH0 = 0xFC;
  37   1          TL0 = 0x18;
  38   1          IE = 0x82;
  39   1          dcount = 0;
  40   1          TR0 = 1;
  41   1          while(dcount < t){}
  42   1          TR0 = 0;
  43   1      }
  44          
  45          void serial_Send(u8 x) {
  46   1        SBUF = x;
  47   1        while(TI == 0); //wait until transmiting completed
  48   1        TI = 0;
  49   1      }
  50          
  51          void serial_ISR(void) interrupt 4
  52          {
  53   1        if(RI == 1) {
C51 COMPILER V9.60.0.0   IMAGE_VIDEO_TO_LED_MATRIX                                         12/07/2023 07:35:50 PAGE 2   

  54   2          revData = SBUF;
  55   2          RI = 0;
  56   2          flag = 1;
  57   2        }
  58   1        //if (TI == 1) ... only use when need interrupT for sending dataa
  59   1      }
  60          
  61          void Hc595SendByte(u8 dat)
  62          {
  63   1          u8 a;
  64   1          SRCLK=0;
  65   1          RCLK=0;
  66   1          for(a=0;a<8;a++)
  67   1          {
  68   2              SER=dat>>7;
  69   2              dat<<=1;
  70   2      
  71   2              SRCLK=1; // 
  72   2      
  73   2              SRCLK=0;    
  74   2          }
  75   1      
  76   1          RCLK=1;
  77   1      
  78   1          RCLK=0;
  79   1      }
  80          void display()
  81          {
  82   1        u8 tab;
  83   1        for(tab=0;tab<8;tab++)
  84   1        {      
  85   2          Hc595SendByte(0x00); 
  86   2          COMMONPORTS = TAB[tab];             
  87   2          Hc595SendByte(arr[tab]);    
  88   2          delayMS(6);     
  89   2        }
  90   1      }
  91          void handleData(u8 SIZE)
  92          {
  93   1        u8 i;
  94   1        //u8 arr[8] = {0,0,0,0,0,0,0,0};
  95   1        for(i = 0; i < SIZE; i++)
  96   1        {
  97   2          arr[i] = revData;
  98   2          while(RI == 0);
  99   2        }
 100   1        if(arr[2] == 0x40){ serial_Send('H');}
 101   1      }
 102          void loop()
 103          {
 104   1        u8 Size = 0;
 105   1        bit check_header = 1;
 106   1        u8 i = 0;
 107   1        //u8 header_code[8] = {0x54, 0x52, 0x49, 0x45, 0x55, 0x4d, 0x45};
 108   1        u8 header_code[8] = {0x00, 0x00, 0x00, 0x00, 0x00, 0x00, 0x00};
 109   1        if(flag == 1)
 110   1        {
 111   2          for(i = 0; i < 7; i++)
 112   2          {
 113   3            if(flag == 1)
 114   3            {
 115   4              if(revData != header_code[i])
C51 COMPILER V9.60.0.0   IMAGE_VIDEO_TO_LED_MATRIX                                         12/07/2023 07:35:50 PAGE 3   

 116   4              {
 117   5                check_header = 0;
 118   5                flag = 0;
 119   5                break;
 120   5              }
 121   4              flag = 0;
 122   4              while(RI == 0);
 123   4            }
 124   3          }
 125   2          Size = revData;
 126   2          while(RI == 0);
 127   2        }
 128   1        
 129   1        if(check_header)
 130   1        {
 131   2          led1 = ~led1;
 132   2          handleData(Size);
 133   2        }
 134   1      }
 135          
 136          void main(void)
 137          {
 138   1        unsigned char tab;
 139   1        unsigned int  i;
 140   1        serial_init();
 141   1          while(1)
 142   1          {   
 143   2              for(i = 0; i<30; i++ )   
 144   2              {   
 145   3                  for(tab=0;tab<8;tab++)
 146   3                  {      
 147   4                      Hc595SendByte(0x00); 
 148   4                      COMMONPORTS = TAB[tab];             
 149   4                      Hc595SendByte(arr[tab]);    
 150   4                      delayMS(6);     
 151   4                  }
 152   3              }
 153   2      
 154   2          }  
 155   1      }

C51 COMPILATION COMPLETE.  0 WARNING(S),  1 ERROR(S)
