C51 COMPILER V9.60.0.0   PROJECT_2                                                         12/07/2023 12:58:43 PAGE 1   


C51 COMPILER V9.60.0.0, COMPILATION OF MODULE PROJECT_2
OBJECT MODULE PLACED IN .\Objects\project_2.obj
COMPILER INVOKED BY: C:\Keil_v5\C51\BIN\C51.EXE project_2.c OPTIMIZE(8,SPEED) BROWSE DEBUG OBJECTEXTEND PRINT(.\Listings
                    -\project_2.lst) TABS(2) OBJECT(.\Objects\project_2.obj)

line level    source

   1          #include<reg51.h>
   2          #include<intrins.h>
   3          #include <stdlib.h>
   4          
   5          sbit SRCLK=P3^6;
   6          sbit RCLK=P3^5;
   7          sbit SER=P3^4;
   8          
   9          unsigned char dcount;
  10          typedef unsigned char u8;
  11          bit flag = 0;
  12          u8 revData;
  13          u8 arr[8] = {0,0,0,0,0,0,0,0};
  14          u8 header[7] = {0x54, 0x69, 0x65, 0x6E, 0x53, 0x79}; // 'T', 'i', 'e', 'n', 'S', 'y'
  15          u8 size_data = 0; // So luong byte du lieu sau header
  16          u8 fps = 0;       //frame per second
  17          u8 dem = 0;
  18          
  19          sbit led1= P2^0;
  20          sbit led2 = P2^1;
  21          
  22          u8 code TAB[8]  = {0x7f,0xbf,0xdf,0xef,0xf7,0xfb,0xfd,0xfe};
  23          #define COMMONPORTS P0
  24          
  25          void serial_init(void){
  26   1        /*fcrystal = 11.0592MHz*/
  27   1        /*config timer 1*/
  28   1        TMOD = 0x20;
  29   1        TH1 = 0xFD;
  30   1        SCON = 0x50;
  31   1        TR1 = 1;
  32   1        EA = 1;
  33   1        ES = 1;
  34   1      }
  35          
  36          
  37          void ISR_timer0() interrupt 1
  38          {
  39   1          TH0 = 0xFC;
  40   1          TL0 = 0x18;
  41   1          dcount++;
  42   1      }
  43          
  44          void delayMS(unsigned int time)
  45          {
  46   1        int i, j;
  47   1        for(i = 0; i < time; i++)
  48   1          for(j = 0; j < 123; j++) {}
  49   1      }
  50          
  51          void serial_Send(u8 x) {
  52   1        SBUF = x;
  53   1        while(TI == 0); //wait until transmiting completed
  54   1        TI = 0;
C51 COMPILER V9.60.0.0   PROJECT_2                                                         12/07/2023 12:58:43 PAGE 2   

  55   1      }
  56          void serial_ISR(void) interrupt 4
  57          {
  58   1        if(RI == 1) {
  59   2          revData = SBUF;
  60   2          RI = 0;
  61   2          flag = 1;
  62   2          arr[dem] = revData;
  63   2          dem++;
  64   2          if(dem == 8) 
  65   2          {
  66   3            dem = 0;
  67   3          }
  68   2        }
  69   1        //if (TI == 1) ... only use when need interrupT for sending dataa
  70   1      }
  71          
  72          u8 check_header(void)
  73          {
  74   1        u8 i;
  75   1        u8 check = 1;
  76   1        for(i = 0; i < 6; i++)
  77   1        {
  78   2          if(arr[i] != header[i])
  79   2          {
  80   3            check = 0;
  81   3            return check;
  82   3          }
  83   2        }
  84   1        if(check == 1){
  85   2          fps = arr[6];
  86   2          size_data = arr[7];
  87   2        }
  88   1        return check;
  89   1      }
  90          
  91          void Hc595SendByte(u8 dat)
  92          {
  93   1          u8 a;
  94   1          SRCLK=0;
  95   1          RCLK=0;
  96   1          for(a=0;a<8;a++)
  97   1          {
  98   2              SER=dat>>7;
  99   2              dat<<=1;
 100   2              SRCLK=1;
 101   2              SRCLK=0;    
 102   2          }
 103   1          RCLK=1;
 104   1          RCLK=0;
 105   1      }
 106          void display(void)
 107          {
 108   1        u8 tab, i;
 109   1        for(i = 0; i < 4; i++)
 110   1        {
 111   2          for(tab=0;tab<8;tab++)
 112   2          {      
 113   3            Hc595SendByte(0x00); 
 114   3            COMMONPORTS = TAB[tab];             
 115   3            Hc595SendByte(arr[tab]);    
 116   3            delayMS(6);     
C51 COMPILER V9.60.0.0   PROJECT_2                                                         12/07/2023 12:58:43 PAGE 3   

 117   3          }
 118   2          //delayMS(FPS);
 119   2          if(size_data == 0x00) serial_Send('F');
 120   2          serial_Send(fps);
 121   2        }
 122   1      }
 123          
 124          void main()
 125          {   
 126   1        
 127   1        led1 = 0;
 128   1        serial_init();
 129   1        while(1)
 130   1        {   
 131   2          if(check_header())
 132   2          {
 133   3            serial_Send(size_data);
 134   3            serial_Send(fps);
 135   3            display();
 136   3          }
 137   2        }   
 138   1      }


MODULE INFORMATION:   STATIC OVERLAYABLE
   CODE SIZE        =    299    ----
   CONSTANT SIZE    =      8    ----
   XDATA SIZE       =   ----    ----
   PDATA SIZE       =   ----    ----
   DATA SIZE        =     20       1
   IDATA SIZE       =   ----    ----
   BIT SIZE         =      1    ----
END OF MODULE INFORMATION.


C51 COMPILATION COMPLETE.  0 WARNING(S),  0 ERROR(S)
